Start testing: Sep 05 20:04 EEST
----------------------------------------------------------
1/1 Testing: simulator_tests
1/1 Test: simulator_tests
Command: "/home/max/Documents/code/interview_prep/circuit-simulator/build-cli/tests/sim_tests"
Directory: /home/max/Documents/code/interview_prep/circuit-simulator/build-cli/tests
"simulator_tests" start time: Sep 05 20:04 EEST
Output:
----------------------------------------------------------
===============================================================================
All tests passed (120 assertions in 31 test cases)

<end of output>
Test time =   0.00 sec
----------------------------------------------------------
Test Passed.
"simulator_tests" end time: Sep 05 20:04 EEST
"simulator_tests" time elapsed: 00:00:00
----------------------------------------------------------

End testing: Sep 05 20:04 EEST
